<?xml version="1.0" encoding="UTF-8"?>
<!-- Generated by org.testng.reporters.JUnitXMLReporter -->
<testsuite ignored="0" hostname="Vasanthan" failures="0" tests="4" name="PeTests" time="0.242" errors="0" timestamp="2025-02-28T11:19:51 IST">
  <testcase classname="api.test.UserTests2" name="@BeforeClass setup" time="0.022">
    <failure type="java.lang.NoSuchMethodError" message="&amp;apos;void api.payload.User.setId(int)&amp;apos;">
      <![CDATA[java.lang.NoSuchMethodError: 'void api.payload.User.setId(int)'
at api.test.UserTests2.setup(UserTests2.java:25)
at java.base/java.util.ArrayList.forEach(ArrayList.java:1596)
... Removed 27 stack frames]]>
    </failure>
  </testcase> <!-- @BeforeClass setup -->
  <testcase classname="api.test.UserTests2" name="testPostUser" time="0.0">
    <skipped/>
  </testcase> <!-- testPostUser -->
  <testcase classname="api.test.UserTests2" name="testGetUserByName" time="0.0">
    <skipped/>
  </testcase> <!-- testGetUserByName -->
  <testcase classname="api.test.UserTests2" name="testUpdateUserByName" time="0.0">
    <skipped/>
  </testcase> <!-- testUpdateUserByName -->
  <testcase classname="api.test.UserTests2" name="testDeleteUserByName" time="0.0">
    <skipped/>
  </testcase> <!-- testDeleteUserByName -->
</testsuite> <!-- PeTests -->
